[debug] [2023-03-14T11:33:47.892Z] ----------------------------------------------------------------------
[debug] [2023-03-14T11:33:47.921Z] Command:       C:\Program Files\nodejs\node.exe C:\Users\XPS\AppData\Roaming\npm\node_modules\firebase-tools\lib\bin\firebase.js init
[debug] [2023-03-14T11:33:47.928Z] CLI Version:   11.24.1
[debug] [2023-03-14T11:33:47.930Z] Platform:      win32
[debug] [2023-03-14T11:33:47.931Z] Node Version:  v16.17.1
[debug] [2023-03-14T11:33:47.944Z] Time:          Tue Mar 14 2023 13:33:47 GMT+0200 (توقيت شرق أوروبا الرسمي)
[debug] [2023-03-14T11:33:47.948Z] ----------------------------------------------------------------------
[debug] 
[debug] [2023-03-14T11:33:48.714Z] > command requires scopes: ["email","openid","https://www.googleapis.com/auth/cloudplatformprojects.readonly","https://www.googleapis.com/auth/firebase","https://www.googleapis.com/auth/cloud-platform"]
[debug] [2023-03-14T11:33:48.720Z] > authorizing via signed-in user (fatmaaly629@gmail.com)
[info] 
     ######## #### ########  ######## ########     ###     ######  ########
     ##        ##  ##     ## ##       ##     ##  ##   ##  ##       ##
     ######    ##  ########  ######   ########  #########  ######  ######
     ##        ##  ##    ##  ##       ##     ## ##     ##       ## ##
     ##       #### ##     ## ######## ########  ##     ##  ######  ########

You're about to initialize a Firebase project in this directory:

  F:\react-projectes\amazon-clone\simpels

Before we get started, keep in mind:

  * You are initializing within an existing Firebase project directory

[info] 
=== Project Setup
[info] 
[info] First, let's associate this project directory with a Firebase project.
[info] You can create multiple project aliases by running firebase use --add, 
[info] but for now we'll just set up a default project.
[info] 
[debug] [2023-03-14T11:33:59.437Z] Using project from CLI flag: clone-7f42e
[debug] [2023-03-14T11:33:59.495Z] >>> [apiv2][query] GET https://firebase.googleapis.com/v1beta1/projects/clone-7f42e [none]
[debug] [2023-03-14T11:34:00.206Z] <<< [apiv2][status] GET https://firebase.googleapis.com/v1beta1/projects/clone-7f42e 200
[debug] [2023-03-14T11:34:00.208Z] <<< [apiv2][body] GET https://firebase.googleapis.com/v1beta1/projects/clone-7f42e {"projectId":"clone-7f42e","projectNumber":"398665344548","displayName":"amazon clone","name":"projects/clone-7f42e","resources":{"hostingSite":"clone-7f42e"},"state":"ACTIVE","etag":"1_f5101d1a-e8bf-4982-8cb0-ae902c179b59"}
[info] i  Using project clone-7f42e (amazon clone) 
[info] 
=== Hosting:github Setup
[info] 
[info] i  Detected a .git folder at F:\react-projectes\amazon-clone\simpels 
[info] i  Authorizing with GitHub to upload your service account to a GitHub repository's secrets store. 
[info] 
[info] Visit this URL on this device to log in:
[info] https://github.com/login/oauth/authorize?client_id=89cf50f02ac6aaed3484&state=226670638&redirect_uri=http%3A%2F%2Flocalhost%3A9005&scope=read%3Auser%20repo%20public_repo
[info] 
[info] Waiting for authentication...
[debug] [2023-03-14T11:34:04.714Z] >>> [apiv2][query] POST https://github.com/login/oauth/access_token [none]
[debug] [2023-03-14T11:34:04.716Z] >>> [apiv2][body] POST https://github.com/login/oauth/access_token [stream]
[debug] [2023-03-14T11:34:05.476Z] <<< [apiv2][status] POST https://github.com/login/oauth/access_token 200
[debug] [2023-03-14T11:34:05.479Z] <<< [apiv2][body] POST https://github.com/login/oauth/access_token {"access_token":"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","token_type":"bearer","scope":"read:user,repo"}
[debug] [2023-03-14T11:34:06.369Z] >>> [apiv2][query] GET https://api.github.com/user [none]
[debug] [2023-03-14T11:34:06.936Z] <<< [apiv2][status] GET https://api.github.com/user 200
[debug] [2023-03-14T11:34:06.938Z] <<< [apiv2][body] GET https://api.github.com/user {"login":"fatmaaly629","id":103731233,"node_id":"U_kgDOBi7QIQ","avatar_url":"https://avatars.githubusercontent.com/u/103731233?v=4","gravatar_id":"","url":"https://api.github.com/users/fatmaaly629","html_url":"https://github.com/fatmaaly629","followers_url":"https://api.github.com/users/fatmaaly629/followers","following_url":"https://api.github.com/users/fatmaaly629/following{/other_user}","gists_url":"https://api.github.com/users/fatmaaly629/gists{/gist_id}","starred_url":"https://api.github.com/users/fatmaaly629/starred{/owner}{/repo}","subscriptions_url":"https://api.github.com/users/fatmaaly629/subscriptions","organizations_url":"https://api.github.com/users/fatmaaly629/orgs","repos_url":"https://api.github.com/users/fatmaaly629/repos","events_url":"https://api.github.com/users/fatmaaly629/events{/privacy}","received_events_url":"https://api.github.com/users/fatmaaly629/received_events","type":"User","site_admin":false,"name":"Fatma Aly","company":null,"blog":"","location":null,"email":null,"hireable":null,"bio":null,"twitter_username":null,"public_repos":11,"public_gists":0,"followers":2,"following":0,"created_at":"2022-04-15T07:13:48Z","updated_at":"2023-01-29T18:22:06Z","private_gists":0,"total_private_repos":1,"owned_private_repos":1,"disk_usage":4255,"collaborators":0,"two_factor_authentication":false,"plan":{"name":"free","space":976562499,"collaborators":0,"private_repos":10000}}
[info] 
[info] +  Success! Logged into GitHub as fatmaaly629 
[info] 
